********************************************************************************
   General Structure Analysis System-II Crystal Structure Refinement
              by Robert B. Von Dreele & Brian H. Toby
                Argonne National Laboratory(C), 2010
 This product includes software developed by the UChicago Argonne, LLC,
            as Operator of Argonne National Laboratory.
                          Please cite:
   B.H. Toby & R.B. Von Dreele, J. Appl. Cryst. 46, 544-549 (2013)
********************************************************************************
 Least squares controls:
 Refinement type: analytic Hessian
 Maximum number of cycles: 3
 Regularize hydrogens (if any): False
 Initial shift factor: 1.000

 Phases:

 Phase name: Sr3Ti2O7
=======================================================================================================================================

 X-ray scattering factors:
   Symbol     fa                                      fb                                      fc
---------------------------------------------------------------------------------------------------
 Sr+2      18.08740   8.13730   2.56540 -34.19300   1.49070  12.69630  24.56510  -0.01380  41.40250
 Ti+4      19.51140   8.23473   2.01341   1.52080   0.17885   6.67018  -0.29263  12.94640 -13.28000
 O-2        3.76936   2.53342   1.91579   1.55094  15.07970   6.30430  40.34450   0.31291   0.22789

 Electron scattering factors:
   Symbol     fa                                                fb
---------------------------------------------------------------------------------------------------

 Neutron scattering factors:
   Symbol   isotope       mass       b       resonant terms
---------------------------------------------------------------------------------------------------
 Sr+2    Nat. Abund.     87.620    0.702
 Ti+4    Nat. Abund.     47.900   -0.337
 O-2     Nat. Abund.     15.999    0.580

 Space Group: I 4/m m m
 The lattice is centrosymmetric I-centered tetragonal
 The Laue symmetry is 4/mmm
 The lattice point group is 4/mmm
 Multiplicity of a general site is 32
 The inversion center is located at 0,0,0
 
 The equivalent positions are:

 (0,0,0; 1/2,1/2,1/2)+

 ( 1)     X,     Y,     Z 
 ( 2)    -Y,     X,     Z 
 ( 3)    -X,    -Y,     Z 
 ( 4)     Y,    -X,     Z 
 ( 5)    -X,     Y,     Z 
 ( 6)    -Y,    -X,     Z 
 ( 7)     X,    -Y,     Z 
 ( 8)     Y,     X,     Z 

 Atoms:
   name    type  refine?   x         y         z      frac site sym  mult I/A   Uiso     U11     U22     U33     U12     U13     U23
---------------------------------------------------------------------------------------------------------------------------------------
    Sr0   Sr+2          0.00000   0.00000   0.31562   1.000 4mm(z)    4    I 0.01000                                                
    Sr1   Sr+2          0.00000   0.00000   0.50000   1.0004/mmm(z)    2    I 0.01000                                                
    Ti2   Ti+4          0.00000   0.00000   0.09752   1.000 4mm(z)    4    I 0.01000                                                
     O3    O-2          0.00000   0.50000   0.09618   1.000 mm2(z)    8    I 0.01000                                                
     O4    O-2          0.00000   0.00000   0.19368   1.000 4mm(z)    4    I 0.01000                                                
     O5    O-2          0.00000   0.00000   0.00000   1.0004/mmm(z)    2    I 0.01000                                                

 Unit cell: a = 3.90868 b = 3.90868 c = 20.36836 alpha = 90.000 beta = 90.000 gamma = 90.000 volume = 311.183 Refine? False

 Phase: Sr3Ti2O7 in histogram: PWDR ML_Bjork_20250202_2_WLB_0_(EXT_FS_N19G017)_(EXT_BTC_50000729)-SrTiO_n=1_1070C_15min.raw scan 0
=======================================================================================================================================
 Phase fraction  :          1 Refine? False
 Extinction coeff:     0.0000 Refine? False
 March-Dollase PO:     1.0000 Refine? False Axis: 0 0 1

 Size model    : isotropic equatorial:       1.000 Refine? False
	 LG mixing coeff.:       1.0000 Refine? False

 Mustrain model: isotropic equatorial:      1000.0 Refine? False
	 LG mixing coeff.:      1.0000 Refine? False

 Hydrostatic/elastic strain:
 names :         D11         D33
 values:           0           0
 refine:       False       False

 Histogram: PWDR ML_Bjork_20250202_2_WLB_0_(EXT_FS_N19G017)_(EXT_BTC_50000729)-SrTiO_n=1_1070C_15min.raw scan 0 histogram Id: 0
=======================================================================================================================================
 Instrument type: Bragg-Brentano
 Histogram limits:     5.00 deg to    59.97 deg

 Sample Parameters:
 Goniometer omega = 2.50, chi = 0.00, phi = 0.00
 name  :         Scale         Shift  Transparency    SurfRoughA    SurfRoughB
 value :        1.0000        0.0000        0.0000        0.0000        0.0000
 refine:          True         False         False         False         False

 Instrument Parameters:
 name  :     Azimuth I(L2)/I(L1)        Lam1        Lam2    Polariz.        SH/L           U           V           W
 value :    0.000000    0.500000    1.540600    1.544400    0.911000    0.002000   40.551300  -35.364300    9.729830
 refine:                   False                               False       False       False       False       False

 name  :           X           Y           Z        Zero
 value :    0.000000    0.000000    0.000000    0.000000
 refine:       False       False       False       False

 Background function: chebyschev-1 Refine? True
 Coefficients:      1.000     0.000     0.000     0.000     0.000     0.000     0.000     0.000     0.000     0.000     0.000
                    0.000     0.000     0.000     0.000
 Fixed background file: ; mult: 1.000  Refine? False

 Refinement results:
---------------------------------------------------------------------------------------------------------------------------------------
 Number of function calls: 5 No. of observations: 2960 No. of parameters: 16 User rejected: 0 Sp. gp. extinct: 0
 Refinement time =    0.067s,    0.033s/cycle, for 2 cycles
 wR =   47.30%, chi**2 =       490309, GOF =  12.91

 Phases:
 Result for phase: Sr3Ti2O7
=======================================================================================================================================

 Atoms:
   name      x         y         z      frac   Uiso     U11     U22     U33     U12     U13     U23
---------------------------------------------------------------------------------------------------------------------------------------
    Sr0   Sr+2:
 values:   0.00000   0.00000   0.31562   1.000 0.01000
 sig   :                                               
    Sr1   Sr+2:
 values:   0.00000   0.00000   0.50000   1.000 0.01000
 sig   :                                               
    Ti2   Ti+4:
 values:   0.00000   0.00000   0.09752   1.000 0.01000
 sig   :                                               
     O3    O-2:
 values:   0.00000   0.50000   0.09618   1.000 0.01000
 sig   :                                               
     O4    O-2:
 values:   0.00000   0.00000   0.19368   1.000 0.01000
 sig   :                                               
     O5    O-2:
 values:   0.00000   0.00000   0.00000   1.000 0.01000
 sig   :                                               

 Density: 5.0230 g/cm**3

 Phase: Sr3Ti2O7 in histogram: PWDR ML_Bjork_20250202_2_WLB_0_(EXT_FS_N19G017)_(EXT_BTC_50000729)-SrTiO_n=1_1070C_15min.raw scan 0
=======================================================================================================================================
 Final refinement RF, RF^2 = 85.05%, 98.17% on 26 reflections
 Durbin-Watson statistic = 0.043
 Bragg intensity sum = 2.13e+04

 Histogram: PWDR ML_Bjork_20250202_2_WLB_0_(EXT_FS_N19G017)_(EXT_BTC_50000729)-SrTiO_n=1_1070C_15min.raw scan 0 histogram Id: 0
=======================================================================================================================================
 PWDR histogram weight factor = 1.000
 Final refinement wR = 47.30% on 2960 observations in this histogram
 Other residuals: R = 31.12%, R-bkg = 72.03%, wR-bkg = 47.30% wRmin = 3.67%
 Instrument type: Bragg-Brentano

 Resonant form factors:(ref: D.T. Cromer & D.A. Liberman (1981), Acta Cryst. A37, 267-268.)
 Element:     Sr+2     Ti+4      O-2
 f'     :   -0.355    0.218    0.049
 f"     :    1.820    1.807    0.032

 Sample Parameters:
 names :         Scale         Shift  Transparency    SurfRoughA    SurfRoughB
 values:        0.5575        0.0000        0.0000        0.0000        0.0000
 sig   :        0.1546                                                        

 Background function: chebyschev-1
 value :      682.3    -547.3     298.3    -191.6     166.7    -113.7     20.06    -44.99     28.89     -60.9      0.95     12.37     26.98     9.615    -35.84
 sig   :       9.87     18.24     17.49     16.51     16.04     15.39     15.04     14.34     14.09     13.33     13.04      11.9     11.57     9.643     9.038
 Background sums: empirical 1.69e+06, Debye 0, peaks 0, Total 1.69e+06
